<?xml version="1.0" encoding="UTF-8"?>
<!-- Generated by org.testng.reporters.JUnitReportReporter -->
<testsuite hostname="DESKTOP-A2S9SMV" failures="0" tests="1" name="InterviewPrep.OccuranceWord" time="0.121" errors="0" timestamp="2024-03-18T13:35:13 IST" skipped="0">
  <testcase classname="InterviewPrep.OccuranceWord" name="Main" time="0.121"/>
  <system-out/>
</testsuite> <!-- InterviewPrep.OccuranceWord -->
