<?xml version="1.0" encoding="UTF-8"?>
<!-- Generated by org.testng.reporters.JUnitReportReporter -->
<testsuite hostname="DESKTOP-A2S9SMV" failures="0" tests="2" name="com.restassuredheroapp.testscripts.TestRest" time="9.739" errors="0" timestamp="2024-02-15T18:39:20 IST" skipped="0">
  <testcase classname="com.restassuredheroapp.testscripts.TestRest" name="ValidateStatusCodeAndMessage" time="7.711"/>
  <system-out/>
  <testcase classname="com.restassuredheroapp.testscripts.TestRest" name="ValidateOTP" time="2.028"/>
  <system-out/>
</testsuite> <!-- com.restassuredheroapp.testscripts.TestRest -->
