<?xml version="1.0" encoding="UTF-8"?>
<!-- Generated by org.testng.reporters.JUnitReportReporter -->
<testsuite hostname="DESKTOP-A2S9SMV" failures="0" tests="3" name="com.restassuredheroapp.testscripts.StoreTestCases" time="14.651" errors="0" timestamp="2024-05-21T12:53:02 IST" skipped="0">
  <testcase classname="com.restassuredheroapp.testscripts.StoreTestCases" name="CreateOrder" time="10.720"/>
  <system-out/>
  <testcase classname="com.restassuredheroapp.testscripts.StoreTestCases" name="DeleteOrder" time="2.289"/>
  <system-out/>
  <testcase classname="com.restassuredheroapp.testscripts.StoreTestCases" name="GetOrder" time="1.642"/>
  <system-out/>
</testsuite> <!-- com.restassuredheroapp.testscripts.StoreTestCases -->
