<?xml version="1.0" encoding="UTF-8"?>
<!-- Generated by org.testng.reporters.JUnitReportReporter -->
<testsuite hostname="DESKTOP-A2S9SMV" failures="0" tests="12" name="com.restassuredheroapp.testscripts.PetTestCases" time="24.295" errors="0" timestamp="2024-05-07T13:02:01 IST" skipped="0">
  <testcase classname="com.restassuredheroapp.testscripts.PetTestCases" name="DeletePetWithInvalidIDAsInteger" time="1.419"/>
  <system-out/>
  <testcase classname="com.restassuredheroapp.testscripts.PetTestCases" name="CreatePet" time="9.402"/>
  <system-out/>
  <testcase classname="com.restassuredheroapp.testscripts.PetTestCases" name="DeletePet" time="1.232"/>
  <system-out/>
  <testcase classname="com.restassuredheroapp.testscripts.PetTestCases" name="CreatePet" time="1.341"/>
  <system-out/>
  <testcase classname="com.restassuredheroapp.testscripts.PetTestCases" name="CreatePetwithDifferentHTTPMethod" time="1.399"/>
  <system-out/>
  <testcase classname="com.restassuredheroapp.testscripts.PetTestCases" name="GetPetWithInvalidIDAsInteger" time="1.236"/>
  <system-out/>
  <testcase classname="com.restassuredheroapp.testscripts.PetTestCases" name="CreatePet" time="1.293"/>
  <system-out/>
  <testcase classname="com.restassuredheroapp.testscripts.PetTestCases" name="GetPetWithInvalidIDWithAsString" time="1.257"/>
  <system-out/>
  <testcase classname="com.restassuredheroapp.testscripts.PetTestCases" name="UpdatedPet" time="1.254"/>
  <system-out/>
  <testcase classname="com.restassuredheroapp.testscripts.PetTestCases" name="CreatePetValidateJsonSchema" time="1.983"/>
  <system-out/>
  <testcase classname="com.restassuredheroapp.testscripts.PetTestCases" name="DeletePetWithInvalidIDWithAsString" time="1.259"/>
  <system-out/>
  <testcase classname="com.restassuredheroapp.testscripts.PetTestCases" name="GetPet" time="1.220"/>
  <system-out/>
</testsuite> <!-- com.restassuredheroapp.testscripts.PetTestCases -->
