<?xml version="1.0" encoding="UTF-8"?>
<!-- Generated by org.testng.reporters.JUnitReportReporter -->
<testsuite hostname="DESKTOP-A2S9SMV" failures="0" tests="1" name="com.restassuredheroapp.testscripts.PetStore" time="4.649" errors="0" timestamp="2023-12-18T19:46:27 IST" skipped="0">
  <testcase classname="com.restassuredheroapp.testscripts.PetStore" name="CreatePet" time="4.649"/>
  <system-out/>
</testsuite> <!-- com.restassuredheroapp.testscripts.PetStore -->
