<?xml version="1.0" encoding="UTF-8"?>
<!-- Generated by org.testng.reporters.JUnitReportReporter -->
<testsuite hostname="DESKTOP-A2S9SMV" failures="0" tests="10" name="com.restassuredheroapp.testscripts.PetStoreTestCases" time="22.917" errors="0" timestamp="2023-12-22T14:07:38 IST" skipped="0">
  <testcase classname="com.restassuredheroapp.testscripts.PetStoreTestCases" name="DeletePetWithInvalidIDAsInteger" time="1.583"/>
  <system-out/>
  <testcase classname="com.restassuredheroapp.testscripts.PetStoreTestCases" name="CreatePetValidateJsonSchema" time="2.408"/>
  <system-out/>
  <testcase classname="com.restassuredheroapp.testscripts.PetStoreTestCases" name="DeletePetWithInvalidIDWithAsString" time="1.517"/>
  <system-out/>
  <testcase classname="com.restassuredheroapp.testscripts.PetStoreTestCases" name="CreatePet" time="8.685"/>
  <system-out/>
  <testcase classname="com.restassuredheroapp.testscripts.PetStoreTestCases" name="GetPetWithInvalidIDAsInteger" time="1.370"/>
  <system-out/>
  <testcase classname="com.restassuredheroapp.testscripts.PetStoreTestCases" name="UpdatedPet" time="1.366"/>
  <system-out/>
  <testcase classname="com.restassuredheroapp.testscripts.PetStoreTestCases" name="GetPet" time="1.420"/>
  <system-out/>
  <testcase classname="com.restassuredheroapp.testscripts.PetStoreTestCases" name="GetPetWithInvalidIDWithAsString" time="1.675"/>
  <system-out/>
  <testcase classname="com.restassuredheroapp.testscripts.PetStoreTestCases" name="CreatePetwithDifferentHTTPMethod" time="1.444"/>
  <system-out/>
  <testcase classname="com.restassuredheroapp.testscripts.PetStoreTestCases" name="DeletePet" time="1.449"/>
  <system-out/>
</testsuite> <!-- com.restassuredheroapp.testscripts.PetStoreTestCases -->
